<?xml version="1.0" encoding="utf-8"?><testsuites><testsuite name="pytest" errors="0" failures="0" skipped="0" tests="2" time="5.038" timestamp="2022-12-14T10:30:12.318334" hostname="Matteos-MBP"><testcase classname="" name="Function countdown() in countdown.py counts down from number and prints &quot;HAPPY NEW YEAR!&quot;" time="0.000" /><testcase classname="" name="Function countdown_with_sleep() in countdown.py counts down from number and prints &quot;HAPPY NEW YEAR!&quot;" time="5.023" /></testsuite></testsuites>